\BOOKMARK [0][-]{chapter*.4}{\376\377\000\332\000v\000o\000d}{}% 1
\BOOKMARK [0][-]{chapter.1}{\376\377\000P\001\131\000e\000k\000l\000a\000d\000a\001\015}{}% 2
\BOOKMARK [1][-]{section.1.1}{\376\377\000A\000n\000a\000l\000\375\000z\000a}{chapter.1}% 3
\BOOKMARK [1][-]{section.1.2}{\376\377\000G\000e\000n\000e\000r\000a\000c\000e\000\040\000b\000y\000t\000e\000c\000o\000d\000e}{chapter.1}% 4
\BOOKMARK [0][-]{chapter.2}{\376\377\000V\000i\000r\000t\000u\000\341\000l\000n\000\355\000\040\000s\000t\000r\000o\000j}{}% 5
\BOOKMARK [1][-]{section.2.1}{\376\377\000I\000n\000s\000t\000r\000u\000k\000c\000e}{chapter.2}% 6
\BOOKMARK [1][-]{section.2.2}{\376\377\000B\001\033\000h\000\040\000p\000r\000o\000g\000r\000a\000m\000u}{chapter.2}% 7
\BOOKMARK [1][-]{section.2.3}{\376\377\000M\000o\000d\000e\000l\000\040\000p\000a\000m\001\033\000t\000i}{chapter.2}% 8
\BOOKMARK [1][-]{section.2.4}{\376\377\000G\000a\000r\000b\000a\000g\000e\000\040\000c\000o\000l\000l\000e\000c\000t\000o\000r}{chapter.2}% 9
\BOOKMARK [1][-]{section.2.5}{\376\377\000R\000o\000z\001\141\000\355\001\131\000e\000n\000\355\000\040\000p\000o\000m\000o\000c\000\355\000\040\000n\000a\000t\000i\000v\000n\000\355\000c\000h\000\040\000k\000n\000i\000h\000o\000v\000e\000n}{chapter.2}% 10
\BOOKMARK [1][-]{section.2.6}{\376\377\000S\000c\000h\000o\000p\000n\000o\000s\000t\000\040\000s\000k\000r\000i\000p\000t\000o\000v\000\341\000n\000\355}{chapter.2}% 11
\BOOKMARK [0][-]{chapter.3}{\376\377\000N\000\341\000s\000t\000r\000o\000j\000e\000\040\000p\000r\000o\000\040\000p\000r\000\341\000c\000i\000\040\000s\000\040\000j\000a\000z\000y\000k\000e\000m}{}% 12
\BOOKMARK [1][-]{section.3.1}{\376\377\000D\000o\000k\000u\000m\000e\000n\000t\000a\000c\000e}{chapter.3}% 13
\BOOKMARK [1][-]{section.3.2}{\376\377\000S\000p\000r\000\341\000v\000c\000e\000\040\000p\000r\000o\000j\000e\000k\000t\000u}{chapter.3}% 14
\BOOKMARK [1][-]{section.3.3}{\376\377\000S\000t\000a\000n\000d\000a\000r\000d\000n\000\355\000\040\000k\000n\000i\000h\000o\000v\000n\000a}{chapter.3}% 15
\BOOKMARK [1][-]{section.3.4}{\376\377\000G\000r\000a\000f\000i\000c\000k\000\375\000\040\000i\000n\000s\000p\000e\000k\000t\000o\000r\000\040\000R\000u\000d\000a\000\040\000p\000r\000o\000j\000e\000k\000t\000u}{chapter.3}% 16
\BOOKMARK [1][-]{section.3.5}{\376\377\000S\000y\000n\000t\000a\000x\000\040\000h\000i\000g\000h\000l\000i\000g\000h\000t\000i\000n\000g}{chapter.3}% 17
\BOOKMARK [0][-]{chapter.4}{\376\377\000I\000n\000s\000t\000a\000l\000a\000c\000e}{}% 18
\BOOKMARK [1][-]{section.4.1}{\376\377\000P\000o\000d\000p\000o\000r\000o\000v\000a\000n\000\351\000\040\000p\000l\000a\000t\000f\000o\000r\000m\000y}{chapter.4}% 19
\BOOKMARK [1][-]{section.4.2}{\376\377\000S\000t\000a\001\176\000e\000n\000\355}{chapter.4}% 20
\BOOKMARK [1][-]{section.4.3}{\376\377\000P\000r\000o\000m\001\033\000n\000n\000\351\000\040\000p\000r\000o\000s\000t\001\131\000e\000d\000\355}{chapter.4}% 21
\BOOKMARK [0][-]{chapter.5}{\376\377\000P\000r\000o\000g\000r\000a\000m\000o\000v\000\341\000n\000\355\000\040\000v\000\040\000R\000u\000d\001\033}{}% 22
\BOOKMARK [1][-]{section.5.1}{\376\377\000S\000y\000n\000t\000a\000x\000e}{chapter.5}% 23
\BOOKMARK [0][-]{chapter*.8}{\376\377\000Z\000\341\000v\001\033\000r}{}% 24
